<?xml version="1.0" encoding="UTF-8"?>
<!-- Generated by org.testng.reporters.JUnitReportReporter -->
<testsuite hostname="LAPTOP-0PKHKVR9" failures="0" tests="1" name="assignments.POSTRequestCall" time="36.109" errors="0" timestamp="2024-09-09T20:04:55 IST" skipped="0">
  <testcase classname="assignments.POSTRequestCall" name="UserRegistrationSuccessful" time="36.109"/>
  <system-out/>
</testsuite> <!-- assignments.POSTRequestCall -->
